<?xml version="1.0" encoding="UTF-8"?>
<testng-results skipped="0" failed="0" ignored="0" total="3" passed="3">
  <reporter-output>
  </reporter-output>
  <suite name="Default suite" duration-ms="122" started-at="2022-05-03T10:46:27 IST" finished-at="2022-05-03T10:46:27 IST">
    <groups>
    </groups>
    <test name="Default test" duration-ms="122" started-at="2022-05-03T10:46:27 IST" finished-at="2022-05-03T10:46:27 IST">
      <class name="Browseroperation.NewTest1">
        <test-method status="PASS" signature="login()[pri:1, instance:Browseroperation.NewTest1@1a8a8f7c]" name="login" duration-ms="23" started-at="2022-05-03T10:46:27 IST" finished-at="2022-05-03T10:46:27 IST">
          <reporter-output>
          </reporter-output>
        </test-method> <!-- login -->
        <test-method status="PASS" signature="sendemail()[pri:2, instance:Browseroperation.NewTest1@1a8a8f7c]" name="sendemail" duration-ms="0" started-at="2022-05-03T10:46:27 IST" finished-at="2022-05-03T10:46:27 IST">
          <reporter-output>
          </reporter-output>
        </test-method> <!-- sendemail -->
        <test-method status="PASS" signature="logout()[pri:3, instance:Browseroperation.NewTest1@1a8a8f7c]" name="logout" duration-ms="0" started-at="2022-05-03T10:46:27 IST" finished-at="2022-05-03T10:46:27 IST">
          <reporter-output>
          </reporter-output>
        </test-method> <!-- logout -->
      </class> <!-- Browseroperation.NewTest1 -->
    </test> <!-- Default test -->
  </suite> <!-- Default suite -->
</testng-results>
