<?xml version="1.0" encoding="UTF-8"?>
<!-- Generated by org.testng.reporters.JUnitXMLReporter -->
<testsuite hostname="DESKTOP-6O5G8IO" ignored="0" name="Default test" tests="3" failures="0" timestamp="2022-05-03T10:46:27 IST" time="0.122" errors="0">
  <testcase name="login" time="0.023" classname="Browseroperation.NewTest1"/>
  <testcase name="sendemail" time="0.0" classname="Browseroperation.NewTest1"/>
  <testcase name="logout" time="0.0" classname="Browseroperation.NewTest1"/>
</testsuite> <!-- Default test -->
